"E:/Epic/Project/Online/Content/UI/AllLevels/ChatText.uasset" 0
"E:/Epic/Project/Online/Content/UI/AllLevels/ChatText.uexp" 1
"E:/Epic/Project/Online/Content/UI/AllLevels/ChatWindow.uasset" 2
"E:/Epic/Project/Online/Content/UI/AllLevels/ChatWindow.uexp" 3
"E:/Epic/Project/Online/Content/UI/AllLevels/GamePlayChat.uasset" 4
"E:/Epic/Project/Online/Content/UI/AllLevels/GamePlayChat.uexp" 5
"E:/Epic/Project/Online/Content/UI/Lobby/CharacterSelect.uasset" 6
"E:/Epic/Project/Online/Content/UI/Lobby/CharacterSelect.uexp" 7
"E:/Epic/Project/Online/Content/UI/Lobby/ConnectedPlayer.uasset" 8
"E:/Epic/Project/Online/Content/UI/Lobby/ConnectedPlayer.uexp" 9
"E:/Epic/Project/Online/Content/UI/Lobby/GameSettings.uasset" 10
"E:/Epic/Project/Online/Content/UI/Lobby/GameSettings.uexp" 11
"E:/Epic/Project/Online/Content/UI/Lobby/LobbyMenu.uasset" 12
"E:/Epic/Project/Online/Content/UI/Lobby/LobbyMenu.uexp" 13
"E:/Epic/Project/Online/Content/UI/Lobby/PlayerButton.uasset" 14
"E:/Epic/Project/Online/Content/UI/Lobby/PlayerButton.uexp" 15
"E:/Epic/Project/Online/Content/UI/MainMenu/ErrorDialogue.uasset" 16
"E:/Epic/Project/Online/Content/UI/MainMenu/ErrorDialogue.uexp" 17
"../../../Engine/Content/Animation/DefaultAnimBoneCompressionSettings.uasset" 18
"../../../Engine/Content/Animation/DefaultAnimBoneCompressionSettings.uexp" 19
"../../../Engine/Content/Animation/DefaultAnimCurveCompressionSettings.uasset" 20
"../../../Engine/Content/Animation/DefaultAnimCurveCompressionSettings.uexp" 21
"../../../Engine/Content/Functions/Engine_MaterialFunctions01/Opacity/CameraDepthFade.uasset" 22
"../../../Engine/Content/Functions/Engine_MaterialFunctions01/Opacity/CameraDepthFade.uexp" 23
"../../../Engine/Content/EngineMaterials/T_Default_Material_Grid_N.uasset" 24
"../../../Engine/Content/EngineMaterials/T_Default_Material_Grid_N.uexp" 25
"../../../Engine/Content/EngineMaterials/T_Default_Material_Grid_M.uasset" 26
"../../../Engine/Content/EngineMaterials/T_Default_Material_Grid_M.uexp" 27
"../../../Engine/Content/EngineMaterials/WorldGridMaterial.uasset" 28
"../../../Engine/Content/EngineMaterials/WorldGridMaterial.uexp" 29
"../../../Engine/Content/ArtTools/RenderToTexture/Meshes/S_1_Unit_Plane.uasset" 30
"../../../Engine/Content/ArtTools/RenderToTexture/Meshes/S_1_Unit_Plane.uexp" 31
"../../../Engine/Content/EngineMaterials/DefaultMaterial.uasset" 32
"../../../Engine/Content/EngineMaterials/DefaultMaterial.uexp" 33
"../../../Engine/Content/BasicShapes/Cone.uasset" 34
"../../../Engine/Content/BasicShapes/Cone.uexp" 35
"../../../Engine/Content/BasicShapes/Plane.uasset" 36
"../../../Engine/Content/BasicShapes/Plane.uexp" 37
"../../../Engine/Content/EditorLandscapeResources/DataLayer.uasset" 38
"../../../Engine/Content/EditorLandscapeResources/DataLayer.uexp" 39
"../../../Engine/Content/EditorLandscapeResources/DefaultAlphaTexture.uasset" 40
"../../../Engine/Content/EditorLandscapeResources/DefaultAlphaTexture.uexp" 41
"../../../Engine/Content/EditorMaterials/MAT_Groups_Toggle.uasset" 42
"../../../Engine/Content/EditorMaterials/MAT_Groups_Toggle.uexp" 43
"../../../Engine/Content/EditorMaterials/MAT_Groups_Visibility.uasset" 44
"../../../Engine/Content/EditorMaterials/MAT_Groups_Visibility.uexp" 45
"../../../Engine/Content/EditorMaterials/PreviewShadowIndicator.uasset" 46
"../../../Engine/Content/EditorMaterials/PreviewShadowIndicator.uexp" 47
"../../../Engine/Content/EditorMaterials/PreviewShadowIndicatorMaterial.uasset" 48
"../../../Engine/Content/EditorMaterials/PreviewShadowIndicatorMaterial.uexp" 49
"../../../Engine/Content/EditorMaterials/MatineeGroups/MAT_ColorTrack.uasset" 50
"../../../Engine/Content/EditorMaterials/MatineeGroups/MAT_ColorTrack.uexp" 51
"../../../Engine/Content/EditorMaterials/MatineeGroups/MAT_Groups_Anim.uasset" 52
"../../../Engine/Content/EditorMaterials/MatineeGroups/MAT_Groups_Anim.uexp" 53
"../../../Engine/Content/EditorMaterials/MatineeGroups/MAT_Groups_AudioMaster.uasset" 54
"../../../Engine/Content/EditorMaterials/MatineeGroups/MAT_Groups_AudioMaster.uexp" 55
"../../../Engine/Content/EditorMaterials/MatineeGroups/MAT_Groups_Director.uasset" 56
"../../../Engine/Content/EditorMaterials/MatineeGroups/MAT_Groups_Director.uexp" 57
"../../../Engine/Content/EditorMaterials/MatineeGroups/MAT_Groups_Event.uasset" 58
"../../../Engine/Content/EditorMaterials/MatineeGroups/MAT_Groups_Event.uexp" 59
"../../../Engine/Content/EditorMaterials/MatineeGroups/MAT_Groups_Fade.uasset" 60
"../../../Engine/Content/EditorMaterials/MatineeGroups/MAT_Groups_Fade.uexp" 61
"../../../Engine/Content/EditorMaterials/MatineeGroups/MAT_Groups_Float.uasset" 62
"../../../Engine/Content/EditorMaterials/MatineeGroups/MAT_Groups_Float.uexp" 63
"../../../Engine/Content/EditorMaterials/MatineeGroups/MAT_Groups_Move.uasset" 64
"../../../Engine/Content/EditorMaterials/MatineeGroups/MAT_Groups_Move.uexp" 65
"../../../Engine/Content/EditorMaterials/MatineeGroups/MAT_Groups_Slomo.uasset" 66
"../../../Engine/Content/EditorMaterials/MatineeGroups/MAT_Groups_Slomo.uexp" 67
"../../../Engine/Content/EditorMaterials/MatineeGroups/MAT_Groups_Sound.uasset" 68
"../../../Engine/Content/EditorMaterials/MatineeGroups/MAT_Groups_Sound.uexp" 69
"../../../Engine/Content/EditorMaterials/MatineeGroups/MAT_Groups_Vector.uasset" 70
"../../../Engine/Content/EditorMaterials/MatineeGroups/MAT_Groups_Vector.uexp" 71
"../../../Engine/Content/EditorMaterials/ParticleSystems/PSysThumbnail_NoImage.uasset" 72
"../../../Engine/Content/EditorMaterials/ParticleSystems/PSysThumbnail_NoImage.uexp" 73
"../../../Engine/Content/EditorMaterials/ParticleSystems/PSysThumbnail_OOD.uasset" 74
"../../../Engine/Content/EditorMaterials/ParticleSystems/PSysThumbnail_OOD.uexp" 75
"../../../Engine/Content/EditorMaterials/Camera/CineMat.uasset" 76
"../../../Engine/Content/EditorMaterials/Camera/CineMat.uexp" 77
"../../../Engine/Content/EditorMaterials/Camera/MI_CineMat_Rig.uasset" 78
"../../../Engine/Content/EditorMaterials/Camera/MI_CineMat_Rig.uexp" 79
"../../../Engine/Content/EditorMeshes/Camera/SM_CraneRig_Arm.uasset" 80
"../../../Engine/Content/EditorMeshes/Camera/SM_CraneRig_Arm.uexp" 81
"../../../Engine/Content/EditorMeshes/Camera/SM_CraneRig_Base.uasset" 82
"../../../Engine/Content/EditorMeshes/Camera/SM_CraneRig_Base.uexp" 83
"../../../Engine/Content/EditorMeshes/Camera/SM_CraneRig_Body.uasset" 84
"../../../Engine/Content/EditorMeshes/Camera/SM_CraneRig_Body.uexp" 85
"../../../Engine/Content/EditorMeshes/Camera/SM_CraneRig_Mount.uasset" 86
"../../../Engine/Content/EditorMeshes/Camera/SM_CraneRig_Mount.uexp" 87
"../../../Engine/Content/EditorMeshes/Camera/SM_RailRig_Mount.uasset" 88
"../../../Engine/Content/EditorMeshes/Camera/SM_RailRig_Mount.uexp" 89
"../../../Engine/Content/EditorMeshes/Camera/SM_RailRig_Track.uasset" 90
"../../../Engine/Content/EditorMeshes/Camera/SM_RailRig_Track.uexp" 91
"../../../Engine/Content/EditorResources/BSPVertex.uasset" 92
"../../../Engine/Content/EditorResources/BSPVertex.uexp" 93
"../../../Engine/Content/EditorResources/EmptyActor.uasset" 94
"../../../Engine/Content/EditorResources/EmptyActor.uexp" 95
"../../../Engine/Content/EditorResources/S_Actor.uasset" 96
"../../../Engine/Content/EditorResources/S_Actor.uexp" 97
"../../../Engine/Content/EditorResources/S_Note.uasset" 98
"../../../Engine/Content/EditorResources/S_Note.uexp" 99
"../../../Engine/Content/EditorResources/S_Solver.uasset" 100
"../../../Engine/Content/EditorResources/S_Solver.uexp" 101
"../../../Engine/Content/EditorResources/S_Terrain.uasset" 102
"../../../Engine/Content/EditorResources/S_Terrain.uexp" 103
"../../../Engine/Content/EditorResources/S_Trigger.uasset" 104
"../../../Engine/Content/EditorResources/S_Trigger.uexp" 105
"../../../Engine/Content/EditorResources/AudioIcons/S_AudioComponent_AutoActivate.uasset" 106
"../../../Engine/Content/EditorResources/AudioIcons/S_AudioComponent_AutoActivate.uexp" 107
"../../../Engine/Content/EditorResources/LightIcons/S_LightError.uasset" 108
"../../../Engine/Content/EditorResources/LightIcons/S_LightError.uexp" 109
"../../../Engine/Content/EditorResources/SequenceRecorder/Countdown.uasset" 110
"../../../Engine/Content/EditorResources/SequenceRecorder/Countdown.uexp" 111
"../../../Engine/Content/EditorResources/SequenceRecorder/RecordingIndicator.uasset" 112
"../../../Engine/Content/EditorResources/SequenceRecorder/RecordingIndicator.uexp" 113
"../../../Engine/Content/EngineDamageTypes/DmgTypeBP_Environmental.uasset" 114
"../../../Engine/Content/EngineDamageTypes/DmgTypeBP_Environmental.uexp" 115
"../../../Engine/Content/EngineDebugMaterials/DebugEditorMaterial.uasset" 116
"../../../Engine/Content/EngineDebugMaterials/DebugEditorMaterial.uexp" 117
"../../../Engine/Content/EngineDebugMaterials/DebugMeshMaterial.uasset" 118
"../../../Engine/Content/EngineDebugMaterials/DebugMeshMaterial.uexp" 119
"../../../Engine/Content/EngineDebugMaterials/M_SimpleUnlitTranslucent.uasset" 120
"../../../Engine/Content/EngineDebugMaterials/M_SimpleUnlitTranslucent.uexp" 121
"../../../Engine/Content/EngineDebugMaterials/VolumeToRender.uasset" 122
"../../../Engine/Content/EngineDebugMaterials/VolumeToRender.uexp" 123
"../../../Engine/Content/Functions/Engine_MaterialFunctions02/Utility/CameraDirectionVector.uasset" 124
"../../../Engine/Content/Functions/Engine_MaterialFunctions02/Utility/CameraDirectionVector.uexp" 125
"../../../Engine/Content/EngineDebugMaterials/M_VolumeRenderSphereTracePP.uasset" 126
"../../../Engine/Content/EngineDebugMaterials/M_VolumeRenderSphereTracePP.uexp" 127
"../../../Engine/Content/Functions/Engine_MaterialFunctions01/Shading/ConvertFromDiffSpec.uasset" 128
"../../../Engine/Content/Functions/Engine_MaterialFunctions01/Shading/ConvertFromDiffSpec.uexp" 129
"../../../Engine/Content/EngineDebugMaterials/VertexColorMaterial.uasset" 130
"../../../Engine/Content/EngineDebugMaterials/VertexColorMaterial.uexp" 131
"../../../Engine/Content/EngineDebugMaterials/WireframeMaterial.uasset" 132
"../../../Engine/Content/EngineDebugMaterials/WireframeMaterial.uexp" 133
"../../../Engine/Content/EngineFonts/Faces/RobotoRegular.uasset" 134
"../../../Engine/Content/EngineFonts/Faces/RobotoRegular.uexp" 135
"../../../Engine/Content/EngineFonts/Faces/RobotoRegular.ufont" 136
"../../../Engine/Content/EngineFonts/Faces/RobotoLight.uasset" 137
"../../../Engine/Content/EngineFonts/Faces/RobotoLight.uexp" 138
"../../../Engine/Content/EngineFonts/Faces/RobotoLight.ufont" 139
"../../../Engine/Content/EngineFonts/Faces/RobotoItalic.uasset" 140
"../../../Engine/Content/EngineFonts/Faces/RobotoItalic.uexp" 141
"../../../Engine/Content/EngineFonts/Faces/RobotoItalic.ufont" 142
"../../../Engine/Content/EngineFonts/Faces/RobotoBoldItalic.uasset" 143
"../../../Engine/Content/EngineFonts/Faces/RobotoBoldItalic.uexp" 144
"../../../Engine/Content/EngineFonts/Faces/RobotoBoldItalic.ufont" 145
"../../../Engine/Content/EngineFonts/Faces/RobotoBold.uasset" 146
"../../../Engine/Content/EngineFonts/Faces/RobotoBold.uexp" 147
"../../../Engine/Content/EngineFonts/Faces/RobotoBold.ufont" 148
"../../../Engine/Content/EngineFonts/Faces/DroidSansFallback.uasset" 149
"../../../Engine/Content/EngineFonts/Faces/DroidSansFallback.uexp" 150
"../../../Engine/Content/EngineFonts/Faces/DroidSansFallback.ufont" 151
"../../../Engine/Content/EngineMaterials/BaseFlattenNormalMap.uasset" 152
"../../../Engine/Content/EngineMaterials/BaseFlattenNormalMap.uexp" 153
"../../../Engine/Content/EngineMaterials/BaseFlattenGrayscaleMap.uasset" 154
"../../../Engine/Content/EngineMaterials/BaseFlattenGrayscaleMap.uexp" 155
"../../../Engine/Content/EngineMaterials/BaseFlattenEmissiveMap.uasset" 156
"../../../Engine/Content/EngineMaterials/BaseFlattenEmissiveMap.uexp" 157
"../../../Engine/Content/EngineMaterials/BaseFlattenDiffuseMap.uasset" 158
"../../../Engine/Content/EngineMaterials/BaseFlattenDiffuseMap.uexp" 159
"../../../Engine/Content/EngineMaterials/BaseFlattenMaterial.uasset" 160
"../../../Engine/Content/EngineMaterials/BaseFlattenMaterial.uexp" 161
"../../../Engine/Content/EngineMaterials/BlueNoise.uasset" 162
"../../../Engine/Content/EngineMaterials/BlueNoise.uexp" 163
"../../../Engine/Content/EngineMaterials/DefaultBloomKernel.uasset" 164
"../../../Engine/Content/EngineMaterials/DefaultBloomKernel.uexp" 165
"../../../Engine/Content/EngineMaterials/DefaultBokeh.uasset" 166
"../../../Engine/Content/EngineMaterials/DefaultBokeh.uexp" 167
"../../../Engine/Content/EngineMaterials/DefaultDiffuse.uasset" 168
"../../../Engine/Content/EngineMaterials/DefaultDiffuse.uexp" 169
"../../../Engine/Content/EngineMaterials/DefaultDeferredDecalMaterial.uasset" 170
"../../../Engine/Content/EngineMaterials/DefaultDeferredDecalMaterial.uexp" 171
"../../../Engine/Content/EngineMaterials/DefaultLightFunctionMaterial.uasset" 172
"../../../Engine/Content/EngineMaterials/DefaultLightFunctionMaterial.uexp" 173
"../../../Engine/Content/EngineMaterials/DefaultPhysicalMaterial.uasset" 174
"../../../Engine/Content/EngineMaterials/DefaultPhysicalMaterial.uexp" 175
"../../../Engine/Content/Functions/Engine_MaterialFunctions02/Utility/BreakOutFloat2Components.uasset" 176
"../../../Engine/Content/Functions/Engine_MaterialFunctions02/Utility/BreakOutFloat2Components.uexp" 177
"../../../Engine/Content/EngineMaterials/DefaultPostProcessMaterial.uasset" 178
"../../../Engine/Content/EngineMaterials/DefaultPostProcessMaterial.uexp" 179
"../../../Engine/Content/EngineMaterials/DefaultTextMaterialOpaque.uasset" 180
"../../../Engine/Content/EngineMaterials/DefaultTextMaterialOpaque.uexp" 181
"../../../Engine/Content/EngineMaterials/DefaultWhiteGrid.uasset" 182
"../../../Engine/Content/EngineMaterials/DefaultWhiteGrid.uexp" 183
"../../../Engine/Content/EngineMaterials/DefaultWhiteGrid_Low.uasset" 184
"../../../Engine/Content/EngineMaterials/DefaultWhiteGrid_Low.uexp" 185
"../../../Engine/Content/EngineMaterials/EmissiveMeshMaterial.uasset" 186
"../../../Engine/Content/EngineMaterials/EmissiveMeshMaterial.uexp" 187
"../../../Engine/Content/EngineMaterials/GizmoMaterial.uasset" 188
"../../../Engine/Content/EngineMaterials/GizmoMaterial.uexp" 189
"../../../Engine/Content/EngineMaterials/Good64x64TilingNoiseHighFreq.uasset" 190
"../../../Engine/Content/EngineMaterials/Good64x64TilingNoiseHighFreq.uexp" 191
"../../../Engine/Content/EngineMaterials/MiniFont.uasset" 192
"../../../Engine/Content/EngineMaterials/MiniFont.uexp" 193
"../../../Engine/Content/EngineMaterials/InvalidLightmapSettings.uasset" 194
"../../../Engine/Content/EngineMaterials/InvalidLightmapSettings.uexp" 195
"../../../Engine/Content/EngineMaterials/M_InvalidLightmapSettings.uasset" 196
"../../../Engine/Content/EngineMaterials/M_InvalidLightmapSettings.uexp" 197
"../../../Engine/Content/Functions/Engine_MaterialFunctions02/WorldPositionOffset/CameraOffset.uasset" 198
"../../../Engine/Content/Functions/Engine_MaterialFunctions02/WorldPositionOffset/CameraOffset.uexp" 199
"../../../Engine/Content/EngineMaterials/PhAT_JointLimitMaterial.uasset" 200
"../../../Engine/Content/EngineMaterials/PhAT_JointLimitMaterial.uexp" 201
"../../../Engine/Content/EngineMaterials/DefaultCalibrationColor.uasset" 202
"../../../Engine/Content/EngineMaterials/DefaultCalibrationColor.uexp" 203
"../../../Engine/Content/EngineMaterials/PPM_DefaultCalibrationColor.uasset" 204
"../../../Engine/Content/EngineMaterials/PPM_DefaultCalibrationColor.uexp" 205
"../../../Engine/Content/EngineMaterials/DefaultCalibrationGrayscale.uasset" 206
"../../../Engine/Content/EngineMaterials/DefaultCalibrationGrayscale.uexp" 207
"../../../Engine/Content/EngineMaterials/PPM_DefaultCalibrationGrayscale.uasset" 208
"../../../Engine/Content/EngineMaterials/PPM_DefaultCalibrationGrayscale.uexp" 209
"../../../Engine/Content/EngineMaterials/PreintegratedSkinBRDF.uasset" 210
"../../../Engine/Content/EngineMaterials/PreintegratedSkinBRDF.uexp" 211
"../../../Engine/Content/EngineMaterials/RemoveSurfaceMaterial.uasset" 212
"../../../Engine/Content/EngineMaterials/RemoveSurfaceMaterial.uexp" 213
"../../../Engine/Content/EngineMaterials/WeightMapPlaceholderTexture.uasset" 214
"../../../Engine/Content/EngineMaterials/WeightMapPlaceholderTexture.uexp" 215
"../../../Engine/Content/EngineResources/WhiteSquareTexture.uasset" 216
"../../../Engine/Content/EngineResources/WhiteSquareTexture.uexp" 217
"../../../Engine/Content/EngineMaterials/Widget3DPassThrough.uasset" 218
"../../../Engine/Content/EngineMaterials/Widget3DPassThrough.uexp" 219
"../../../Engine/Content/EngineMaterials/Widget3DPassThrough_Masked.uasset" 220
"../../../Engine/Content/EngineMaterials/Widget3DPassThrough_Masked.uexp" 221
"../../../Engine/Content/EngineMaterials/Widget3DPassThrough_Opaque.uasset" 222
"../../../Engine/Content/EngineMaterials/Widget3DPassThrough_Opaque.uexp" 223
"../../../Engine/Content/EngineMaterials/Widget3DPassThrough_Masked_OneSided.uasset" 224
"../../../Engine/Content/EngineMaterials/Widget3DPassThrough_Masked_OneSided.uexp" 225
"../../../Engine/Content/EngineMaterials/Widget3DPassThrough_Opaque_OneSided.uasset" 226
"../../../Engine/Content/EngineMaterials/Widget3DPassThrough_Opaque_OneSided.uexp" 227
"../../../Engine/Content/EngineMaterials/Widget3DPassThrough_Translucent.uasset" 228
"../../../Engine/Content/EngineMaterials/Widget3DPassThrough_Translucent.uexp" 229
"../../../Engine/Content/EngineMaterials/Widget3DPassThrough_Translucent_OneSided.uasset" 230
"../../../Engine/Content/EngineMaterials/Widget3DPassThrough_Translucent_OneSided.uexp" 231
"../../../Engine/Content/EngineMeshes/Cylinder.uasset" 232
"../../../Engine/Content/EngineMeshes/Cylinder.uexp" 233
"../../../Engine/Content/EngineMeshes/Sphere.uasset" 234
"../../../Engine/Content/EngineMeshes/Sphere.uexp" 235
"../../../Engine/Content/EngineResources/DefaultTexture.uasset" 236
"../../../Engine/Content/EngineResources/DefaultTexture.uexp" 237
"../../../Engine/Content/EngineResources/DefaultTextureCube.uasset" 238
"../../../Engine/Content/EngineResources/DefaultTextureCube.uexp" 239
"../../../Engine/Content/EngineResources/DefaultVolumeTexture2D.uasset" 240
"../../../Engine/Content/EngineResources/DefaultVolumeTexture2D.uexp" 241
"../../../Engine/Content/EngineResources/DefaultVolumeTexture.uasset" 242
"../../../Engine/Content/EngineResources/DefaultVolumeTexture.uexp" 243
"../../../Engine/Content/EngineResources/GradientTexture0.uasset" 244
"../../../Engine/Content/EngineResources/GradientTexture0.uexp" 245
"../../../Engine/Content/EngineSky/VolumetricClouds/T_NoiseShape64.uasset" 246
"../../../Engine/Content/EngineSky/VolumetricClouds/T_NoiseShape64.uexp" 247
"../../../Engine/Content/EngineSky/VolumetricClouds/T_VolumeNoiseShape64.uasset" 248
"../../../Engine/Content/EngineSky/VolumetricClouds/T_VolumeNoiseShape64.uexp" 249
"../../../Engine/Content/EngineSky/VolumetricClouds/T_NoiseErosion.uasset" 250
"../../../Engine/Content/EngineSky/VolumetricClouds/T_NoiseErosion.uexp" 251
"../../../Engine/Content/EngineSky/VolumetricClouds/T_VolumeNoiseErosion32.uasset" 252
"../../../Engine/Content/EngineSky/VolumetricClouds/T_VolumeNoiseErosion32.uexp" 253
"../../../Engine/Content/EngineSky/VolumetricClouds/CloudWeatherTexture.uasset" 254
"../../../Engine/Content/EngineSky/VolumetricClouds/CloudWeatherTexture.uexp" 255
"../../../Engine/Content/EngineSky/VolumetricClouds/CloudGradientTexture.uasset" 256
"../../../Engine/Content/EngineSky/VolumetricClouds/CloudGradientTexture.uexp" 257
"../../../Engine/Content/Functions/Engine_MaterialFunctions02/Utility/MakeFloat2.uasset" 258
"../../../Engine/Content/Functions/Engine_MaterialFunctions02/Utility/MakeFloat2.uexp" 259
"../../../Engine/Content/EngineSky/VolumetricClouds/m_SimpleVolumetricCloud.uasset" 260
"../../../Engine/Content/EngineSky/VolumetricClouds/m_SimpleVolumetricCloud.uexp" 261
"../../../Engine/Content/EngineSky/VolumetricClouds/m_SimpleVolumetricCloud_Inst.uasset" 262
"../../../Engine/Content/EngineSky/VolumetricClouds/m_SimpleVolumetricCloud_Inst.uexp" 263
"../../../Engine/Content/EngineSounds/Master.uasset" 264
"../../../Engine/Content/EngineSounds/Master.uexp" 265
"../../../Engine/Content/Functions/Engine_MaterialFunctions01/Shading/PowerToRoughness.uasset" 266
"../../../Engine/Content/Functions/Engine_MaterialFunctions01/Shading/PowerToRoughness.uexp" 267
"../../../Engine/Content/Maps/Templates/Thumbnails/Default.uasset" 268
"../../../Engine/Content/Maps/Templates/Thumbnails/Default.uexp" 269
"../../../Engine/Content/Maps/Templates/Thumbnails/TimeOfDay.uasset" 270
"../../../Engine/Content/Maps/Templates/Thumbnails/TimeOfDay.uexp" 271
"../../../Engine/Content/Maps/Templates/Thumbnails/VR-Basic.uasset" 272
"../../../Engine/Content/Maps/Templates/Thumbnails/VR-Basic.uexp" 273
"../../../Engine/Content/MobileResources/T_MobileControls_texture.uasset" 274
"../../../Engine/Content/MobileResources/T_MobileControls_texture.uexp" 275
"../../../Engine/Content/MobileResources/T_MobileMenu2.uasset" 276
"../../../Engine/Content/MobileResources/T_MobileMenu2.uexp" 277
"../../../Engine/Content/MobileResources/HUD/AnalogHat.uasset" 278
"../../../Engine/Content/MobileResources/HUD/AnalogHat.uexp" 279
"../../../Engine/Content/MobileResources/HUD/VirtualJoystick_Thumb.uasset" 280
"../../../Engine/Content/MobileResources/HUD/VirtualJoystick_Thumb.uexp" 281
"../../../Engine/Content/MobileResources/HUD/VirtualJoystick_Background.uasset" 282
"../../../Engine/Content/MobileResources/HUD/VirtualJoystick_Background.uexp" 283
"../../../Engine/Content/MobileResources/HUD/DefaultVirtualJoysticks.uasset" 284
"../../../Engine/Content/MobileResources/HUD/DefaultVirtualJoysticks.uexp" 285
"../../../Engine/Content/MobileResources/HUD/LeftVirtualJoystickOnly.uasset" 286
"../../../Engine/Content/MobileResources/HUD/LeftVirtualJoystickOnly.uexp" 287
"../../../Engine/Content/MobileResources/HUD/MobileHUDButton1_off.uasset" 288
"../../../Engine/Content/MobileResources/HUD/MobileHUDButton1_off.uexp" 289
"../../../Engine/Content/MobileResources/HUD/MobileHUDButton1_on.uasset" 290
"../../../Engine/Content/MobileResources/HUD/MobileHUDButton1_on.uexp" 291
"../../../Engine/Content/MobileResources/HUD/MobileHUDButton2_off.uasset" 292
"../../../Engine/Content/MobileResources/HUD/MobileHUDButton2_off.uexp" 293
"../../../Engine/Content/MobileResources/HUD/MobileHUDButton2_on.uasset" 294
"../../../Engine/Content/MobileResources/HUD/MobileHUDButton2_on.uexp" 295
"../../../Engine/Content/MobileResources/HUD/MobileHUDButton3.uasset" 296
"../../../Engine/Content/MobileResources/HUD/MobileHUDButton3.uexp" 297
"../../../Engine/Content/MobileResources/HUD/MobileHUDButtonFire.uasset" 298
"../../../Engine/Content/MobileResources/HUD/MobileHUDButtonFire.uexp" 299
"../../../Engine/Content/MobileResources/HUD/MobileHUDDirectionPad.uasset" 300
"../../../Engine/Content/MobileResources/HUD/MobileHUDDirectionPad.uexp" 301
"../../../Engine/Content/MobileResources/HUD/MobileHUDDirectionPad2.uasset" 302
"../../../Engine/Content/MobileResources/HUD/MobileHUDDirectionPad2.uexp" 303
"../../../Engine/Content/MobileResources/HUD/MobileHUDDirectionPad3.uasset" 304
"../../../Engine/Content/MobileResources/HUD/MobileHUDDirectionPad3.uexp" 305
"../../../Engine/Content/MobileResources/HUD/MobileHUDDirectionStick.uasset" 306
"../../../Engine/Content/MobileResources/HUD/MobileHUDDirectionStick.uexp" 307
"../../../Engine/Content/MobileResources/HUD/T_Castle_ThumbstickInner.uasset" 308
"../../../Engine/Content/MobileResources/HUD/T_Castle_ThumbstickInner.uexp" 309
"../../../Engine/Content/MobileResources/HUD/T_Castle_ThumbstickOutter.uasset" 310
"../../../Engine/Content/MobileResources/HUD/T_Castle_ThumbstickOutter.uexp" 311
"../../../Engine/Content/Tutorial/ContentIntroCurve.uasset" 312
"../../../Engine/Content/Tutorial/ContentIntroCurve.uexp" 313
"../../../Engine/Content/VREditor/TransformGizmo/TranslucentTransformGizmoMaterial.uasset" 314
"../../../Engine/Content/VREditor/TransformGizmo/TranslucentTransformGizmoMaterial.uexp" 315
"../../../Engine/Content/VREditor/LaserPointer/VR_LaserPower_01.uasset" 316
"../../../Engine/Content/VREditor/LaserPointer/VR_LaserPower_01.uexp" 317
"../../../Engine/Content/VREditor/TransformGizmo/TransformGizmoMaterial.uasset" 318
"../../../Engine/Content/VREditor/TransformGizmo/TransformGizmoMaterial.uexp" 319
"../../../Engine/Content/VREditor/TransformGizmo/BoundingBoxCorner.uasset" 320
"../../../Engine/Content/VREditor/TransformGizmo/BoundingBoxCorner.uexp" 321
"../../../Engine/Content/VREditor/TransformGizmo/BoundingBoxEdge.uasset" 322
"../../../Engine/Content/VREditor/TransformGizmo/BoundingBoxEdge.uexp" 323
"../../../Engine/Content/VREditor/TransformGizmo/PlaneTranslationHandle.uasset" 324
"../../../Engine/Content/VREditor/TransformGizmo/PlaneTranslationHandle.uexp" 325
"../../../Engine/Content/VREditor/TransformGizmo/Xray.uasset" 326
"../../../Engine/Content/VREditor/TransformGizmo/Xray.uexp" 327
"../../../Engine/Content/VREditor/TransformGizmo/Main.uasset" 328
"../../../Engine/Content/VREditor/TransformGizmo/Main.uexp" 329
"../../../Engine/Content/VREditor/TransformGizmo/SM_Sequencer_Key.uasset" 330
"../../../Engine/Content/VREditor/TransformGizmo/SM_Sequencer_Key.uexp" 331
"../../../Engine/Content/VREditor/TransformGizmo/SM_Sequencer_Node.uasset" 332
"../../../Engine/Content/VREditor/TransformGizmo/SM_Sequencer_Node.uexp" 333
"../../../Engine/Plugins/2D/Paper2D/Content/PlaceholderTextures/DummySpriteTexture.uasset" 334
"../../../Engine/Plugins/2D/Paper2D/Content/PlaceholderTextures/DummySpriteTexture.uexp" 335
"../../../Engine/Plugins/2D/Paper2D/Content/DummySprite.uasset" 336
"../../../Engine/Plugins/2D/Paper2D/Content/DummySprite.uexp" 337
"../../../Engine/Plugins/2D/Paper2D/Content/DefaultPaperTerrainMaterial.uasset" 338
"../../../Engine/Plugins/2D/Paper2D/Content/DefaultPaperTerrainMaterial.uexp" 339
"../../../Engine/Plugins/2D/Paper2D/Content/DefaultSpriteMaterial.uasset" 340
"../../../Engine/Plugins/2D/Paper2D/Content/DefaultSpriteMaterial.uexp" 341
"../../../Engine/Plugins/2D/Paper2D/Content/MaskedUnlitSpriteMaterial.uasset" 342
"../../../Engine/Plugins/2D/Paper2D/Content/MaskedUnlitSpriteMaterial.uexp" 343
"../../../Engine/Plugins/2D/Paper2D/Content/OpaqueUnlitSpriteMaterial.uasset" 344
"../../../Engine/Plugins/2D/Paper2D/Content/OpaqueUnlitSpriteMaterial.uexp" 345
"../../../Engine/Content/Functions/Engine_MaterialFunctions02/Utility/VectorLength.uasset" 346
"../../../Engine/Content/Functions/Engine_MaterialFunctions02/Utility/VectorLength.uexp" 347
"../../../Engine/Content/Functions/Engine_MaterialFunctions02/ObjectLocalBounds.uasset" 348
"../../../Engine/Content/Functions/Engine_MaterialFunctions02/ObjectLocalBounds.uexp" 349
"../../../Engine/Content/Functions/Engine_MaterialFunctions02/Utility/BreakOutFloat3Components.uasset" 350
"../../../Engine/Content/Functions/Engine_MaterialFunctions02/Utility/BreakOutFloat3Components.uexp" 351
"../../../Engine/Content/Functions/Engine_MaterialFunctions02/WorldPositionOffset/ObjectScale.uasset" 352
"../../../Engine/Content/Functions/Engine_MaterialFunctions02/WorldPositionOffset/ObjectScale.uexp" 353
"../../../Engine/Plugins/Editor/SpeedTreeImporter/Content/SpeedTree9/UnpackInteger3.uasset" 354
"../../../Engine/Plugins/Editor/SpeedTreeImporter/Content/SpeedTree9/UnpackInteger3.uexp" 355
"../../../Engine/Plugins/Editor/SpeedTreeImporter/Content/SpeedTree9/UnpackDirection.uasset" 356
"../../../Engine/Plugins/Editor/SpeedTreeImporter/Content/SpeedTree9/UnpackDirection.uexp" 357
"../../../Engine/Plugins/Editor/SpeedTreeImporter/Content/SpeedTree9/game_wind_noise.uasset" 358
"../../../Engine/Plugins/Editor/SpeedTreeImporter/Content/SpeedTree9/game_wind_noise.uexp" 359
"../../../Engine/Content/Functions/Engine_MaterialFunctions02/SafeNormalize.uasset" 360
"../../../Engine/Content/Functions/Engine_MaterialFunctions02/SafeNormalize.uexp" 361
"../../../Engine/Plugins/Editor/SpeedTreeImporter/Content/SpeedTree9/SpeedTreeWindMotion.uasset" 362
"../../../Engine/Plugins/Editor/SpeedTreeImporter/Content/SpeedTree9/SpeedTreeWindMotion.uexp" 363
"../../../Engine/Plugins/Editor/SpeedTreeImporter/Content/SpeedTree9/SpeedTreeBranchMotion.uasset" 364
"../../../Engine/Plugins/Editor/SpeedTreeImporter/Content/SpeedTree9/SpeedTreeBranchMotion.uexp" 365
"../../../Engine/Content/Functions/Engine_MaterialFunctions02/UVs/BoundingBoxBased_0-1_UVW.uasset" 366
"../../../Engine/Content/Functions/Engine_MaterialFunctions02/UVs/BoundingBoxBased_0-1_UVW.uexp" 367
"../../../Engine/Plugins/Editor/SpeedTreeImporter/Content/SpeedTree9/SpeedTreeWind.uasset" 368
"../../../Engine/Plugins/Editor/SpeedTreeImporter/Content/SpeedTree9/SpeedTreeWind.uexp" 369
"../../../Engine/Plugins/Editor/SpeedTreeImporter/Content/SpeedTree9/SpeedTreeBillboard.uasset" 370
"../../../Engine/Plugins/Editor/SpeedTreeImporter/Content/SpeedTree9/SpeedTreeBillboard.uexp" 371
"../../../Engine/Plugins/Editor/SpeedTreeImporter/Content/SpeedTree9/EmptyNormal.uasset" 372
"../../../Engine/Plugins/Editor/SpeedTreeImporter/Content/SpeedTree9/EmptyNormal.uexp" 373
"../../../Engine/Plugins/Editor/SpeedTreeImporter/Content/SpeedTree9/Empty.uasset" 374
"../../../Engine/Plugins/Editor/SpeedTreeImporter/Content/SpeedTree9/Empty.uexp" 375
"../../../Engine/Plugins/Editor/SpeedTreeImporter/Content/SpeedTree9/SpeedTreeBillboardMaster.uasset" 376
"../../../Engine/Plugins/Editor/SpeedTreeImporter/Content/SpeedTree9/SpeedTreeBillboardMaster.uexp" 377
"../../../Engine/Plugins/Editor/SpeedTreeImporter/Content/SpeedTree9/SpeedTreeCameraFacing.uasset" 378
"../../../Engine/Plugins/Editor/SpeedTreeImporter/Content/SpeedTree9/SpeedTreeCameraFacing.uexp" 379
"../../../Engine/Plugins/Editor/SpeedTreeImporter/Content/SpeedTree9/SpeedTreeMaster.uasset" 380
"../../../Engine/Plugins/Editor/SpeedTreeImporter/Content/SpeedTree9/SpeedTreeMaster.uexp" 381
"../../../Engine/Content/ArtTools/RenderToTexture/Materials/Debug/M_Emissive_Color.uasset" 382
"../../../Engine/Content/ArtTools/RenderToTexture/Materials/Debug/M_Emissive_Color.uexp" 383
"../../../Engine/Content/BasicShapes/Cylinder.uasset" 384
"../../../Engine/Content/BasicShapes/Cylinder.uexp" 385
"../../../Engine/Plugins/Lumin/MagicLeapPassableWorld/Content/MagicLeapARPinInfoActor.uasset" 386
"../../../Engine/Plugins/Lumin/MagicLeapPassableWorld/Content/MagicLeapARPinInfoActor.uexp" 387
"../../../Engine/Plugins/Runtime/OpenXR/Content/Devices/GoogleDaydream/MRTexture.uasset" 388
"../../../Engine/Plugins/Runtime/OpenXR/Content/Devices/GoogleDaydream/MRTexture.uexp" 389
"../../../Engine/Plugins/Runtime/OpenXR/Content/Devices/GoogleDaydream/BaseTexture.uasset" 390
"../../../Engine/Plugins/Runtime/OpenXR/Content/Devices/GoogleDaydream/BaseTexture.uexp" 391
"../../../Engine/Content/EngineResources/Black.uasset" 392
"../../../Engine/Content/EngineResources/Black.uexp" 393
"../../../Engine/Plugins/Runtime/OpenXR/Content/Devices/M_XRController.uasset" 394
"../../../Engine/Plugins/Runtime/OpenXR/Content/Devices/M_XRController.uexp" 395
"../../../Engine/Plugins/Runtime/OpenXR/Content/Devices/GoogleDaydream/MI_GoogleDaydream.uasset" 396
"../../../Engine/Plugins/Runtime/OpenXR/Content/Devices/GoogleDaydream/MI_GoogleDaydream.uexp" 397
"../../../Engine/Plugins/Runtime/OpenXR/Content/Devices/GoogleDaydream/GoogleDaydreamController.uasset" 398
"../../../Engine/Plugins/Runtime/OpenXR/Content/Devices/GoogleDaydream/GoogleDaydreamController.uexp" 399
"../../../Engine/Plugins/Runtime/OpenXR/Content/Devices/HTCVive/BaseTexture.uasset" 400
"../../../Engine/Plugins/Runtime/OpenXR/Content/Devices/HTCVive/BaseTexture.uexp" 401
"../../../Engine/Plugins/Runtime/OpenXR/Content/Devices/HTCVive/MI_HTCVive.uasset" 402
"../../../Engine/Plugins/Runtime/OpenXR/Content/Devices/HTCVive/MI_HTCVive.uexp" 403
"../../../Engine/Plugins/Runtime/OpenXR/Content/Devices/HTCVive/HTCViveController.uasset" 404
"../../../Engine/Plugins/Runtime/OpenXR/Content/Devices/HTCVive/HTCViveController.uexp" 405
"../../../Engine/Plugins/Runtime/OpenXR/Content/Devices/MicrosoftMixedReality/NormalTexture.uasset" 406
"../../../Engine/Plugins/Runtime/OpenXR/Content/Devices/MicrosoftMixedReality/NormalTexture.uexp" 407
"../../../Engine/Plugins/Runtime/OpenXR/Content/Devices/MicrosoftMixedReality/MRTexture.uasset" 408
"../../../Engine/Plugins/Runtime/OpenXR/Content/Devices/MicrosoftMixedReality/MRTexture.uexp" 409
"../../../Engine/Plugins/Runtime/OpenXR/Content/Devices/MicrosoftMixedReality/EmissiveTexture.uasset" 410
"../../../Engine/Plugins/Runtime/OpenXR/Content/Devices/MicrosoftMixedReality/EmissiveTexture.uexp" 411
"../../../Engine/Plugins/Runtime/OpenXR/Content/Devices/MicrosoftMixedReality/BaseTexture.uasset" 412
"../../../Engine/Plugins/Runtime/OpenXR/Content/Devices/MicrosoftMixedReality/BaseTexture.uexp" 413
"../../../Engine/Plugins/Runtime/OpenXR/Content/Devices/MicrosoftMixedReality/MI_MicrosoftMixedReality.uasset" 414
"../../../Engine/Plugins/Runtime/OpenXR/Content/Devices/MicrosoftMixedReality/MI_MicrosoftMixedReality.uexp" 415
"../../../Engine/Plugins/Runtime/OpenXR/Content/Devices/MicrosoftMixedReality/Left/left_MicrosoftMixedRealityController.uasset" 416
"../../../Engine/Plugins/Runtime/OpenXR/Content/Devices/MicrosoftMixedReality/Left/left_MicrosoftMixedRealityController.uexp" 417
"../../../Engine/Plugins/Runtime/OpenXR/Content/Devices/MicrosoftMixedReality/Right/right_MicrosoftMixedRealityController.uasset" 418
"../../../Engine/Plugins/Runtime/OpenXR/Content/Devices/MicrosoftMixedReality/Right/right_MicrosoftMixedRealityController.uexp" 419
"../../../Engine/Plugins/Runtime/OpenXR/Content/Devices/OculusGo/BaseTexture.uasset" 420
"../../../Engine/Plugins/Runtime/OpenXR/Content/Devices/OculusGo/BaseTexture.uexp" 421
"../../../Engine/Plugins/Runtime/OpenXR/Content/Devices/OculusGo/MI_OculusGo.uasset" 422
"../../../Engine/Plugins/Runtime/OpenXR/Content/Devices/OculusGo/MI_OculusGo.uexp" 423
"../../../Engine/Plugins/Runtime/OpenXR/Content/Devices/OculusGo/OculusGoController.uasset" 424
"../../../Engine/Plugins/Runtime/OpenXR/Content/Devices/OculusGo/OculusGoController.uexp" 425
"../../../Engine/Plugins/Runtime/OpenXR/Content/Devices/OculusTouch/MRTexture.uasset" 426
"../../../Engine/Plugins/Runtime/OpenXR/Content/Devices/OculusTouch/MRTexture.uexp" 427
"../../../Engine/Plugins/Runtime/OpenXR/Content/Devices/OculusTouch/BaseTexture.uasset" 428
"../../../Engine/Plugins/Runtime/OpenXR/Content/Devices/OculusTouch/BaseTexture.uexp" 429
"../../../Engine/Plugins/Runtime/OpenXR/Content/Devices/OculusTouch/MI_OculusTouch.uasset" 430
"../../../Engine/Plugins/Runtime/OpenXR/Content/Devices/OculusTouch/MI_OculusTouch.uexp" 431
"../../../Engine/Plugins/Runtime/OpenXR/Content/Devices/OculusTouch/Left/left_OculusTouchController.uasset" 432
"../../../Engine/Plugins/Runtime/OpenXR/Content/Devices/OculusTouch/Left/left_OculusTouchController.uexp" 433
"../../../Engine/Plugins/Runtime/OpenXR/Content/Devices/OculusTouch/Right/right_OculusTouchController.uasset" 434
"../../../Engine/Plugins/Runtime/OpenXR/Content/Devices/OculusTouch/Right/right_OculusTouchController.uexp" 435
"../../../Engine/Plugins/Runtime/OpenXR/Content/Devices/OculusTouch_v2/MRTexture.uasset" 436
"../../../Engine/Plugins/Runtime/OpenXR/Content/Devices/OculusTouch_v2/MRTexture.uexp" 437
"../../../Engine/Plugins/Runtime/OpenXR/Content/Devices/OculusTouch_v2/BaseTexture.uasset" 438
"../../../Engine/Plugins/Runtime/OpenXR/Content/Devices/OculusTouch_v2/BaseTexture.uexp" 439
"../../../Engine/Plugins/Runtime/OpenXR/Content/Devices/OculusTouch_v2/MI_OculusTouch_v2.uasset" 440
"../../../Engine/Plugins/Runtime/OpenXR/Content/Devices/OculusTouch_v2/MI_OculusTouch_v2.uexp" 441
"../../../Engine/Plugins/Runtime/OpenXR/Content/Devices/OculusTouch_v2/Left/left_OculusTouch_v2Controller.uasset" 442
"../../../Engine/Plugins/Runtime/OpenXR/Content/Devices/OculusTouch_v2/Left/left_OculusTouch_v2Controller.uexp" 443
"../../../Engine/Plugins/Runtime/OpenXR/Content/Devices/OculusTouch_v2/Right/right_OculusTouch_v2Controller.uasset" 444
"../../../Engine/Plugins/Runtime/OpenXR/Content/Devices/OculusTouch_v2/Right/right_OculusTouch_v2Controller.uexp" 445
"../../../Engine/Plugins/Runtime/OpenXR/Content/Devices/OculusTouch_v3/MRTexture.uasset" 446
"../../../Engine/Plugins/Runtime/OpenXR/Content/Devices/OculusTouch_v3/MRTexture.uexp" 447
"../../../Engine/Plugins/Runtime/OpenXR/Content/Devices/OculusTouch_v3/BaseTexture.uasset" 448
"../../../Engine/Plugins/Runtime/OpenXR/Content/Devices/OculusTouch_v3/BaseTexture.uexp" 449
"../../../Engine/Plugins/Runtime/OpenXR/Content/Devices/OculusTouch_v3/MI_OculusTouch_v3.uasset" 450
"../../../Engine/Plugins/Runtime/OpenXR/Content/Devices/OculusTouch_v3/MI_OculusTouch_v3.uexp" 451
"../../../Engine/Plugins/Runtime/OpenXR/Content/Devices/OculusTouch_v3/Left/left_OculusTouch_v3Controller.uasset" 452
"../../../Engine/Plugins/Runtime/OpenXR/Content/Devices/OculusTouch_v3/Left/left_OculusTouch_v3Controller.uexp" 453
"../../../Engine/Plugins/Runtime/OpenXR/Content/Devices/OculusTouch_v3/Right/right_OculusTouch_v3Controller.uasset" 454
"../../../Engine/Plugins/Runtime/OpenXR/Content/Devices/OculusTouch_v3/Right/right_OculusTouch_v3Controller.uexp" 455
"../../../Engine/Plugins/Runtime/OpenXR/Content/Devices/ValveIndex/MRTexture.uasset" 456
"../../../Engine/Plugins/Runtime/OpenXR/Content/Devices/ValveIndex/MRTexture.uexp" 457
"../../../Engine/Plugins/Runtime/OpenXR/Content/Devices/ValveIndex/BaseTexture.uasset" 458
"../../../Engine/Plugins/Runtime/OpenXR/Content/Devices/ValveIndex/BaseTexture.uexp" 459
"../../../Engine/Plugins/Runtime/OpenXR/Content/Devices/ValveIndex/Left/MI_left_ValveIndex.uasset" 460
"../../../Engine/Plugins/Runtime/OpenXR/Content/Devices/ValveIndex/Left/MI_left_ValveIndex.uexp" 461
"../../../Engine/Plugins/Runtime/OpenXR/Content/Devices/ValveIndex/Left/left_ValveIndexController.uasset" 462
"../../../Engine/Plugins/Runtime/OpenXR/Content/Devices/ValveIndex/Left/left_ValveIndexController.uexp" 463
"../../../Engine/Plugins/Runtime/OpenXR/Content/Devices/ValveIndex/Right/MI_right_ValveIndex.uasset" 464
"../../../Engine/Plugins/Runtime/OpenXR/Content/Devices/ValveIndex/Right/MI_right_ValveIndex.uexp" 465
"../../../Engine/Plugins/Runtime/OpenXR/Content/Devices/ValveIndex/Right/right_ValveIndexController.uasset" 466
"../../../Engine/Plugins/Runtime/OpenXR/Content/Devices/ValveIndex/Right/right_ValveIndexController.uexp" 467
"../../../Engine/Content/Functions/Engine_MaterialFunctions02/Utility/BreakOutFloat4Components.uasset" 468
"../../../Engine/Content/Functions/Engine_MaterialFunctions02/Utility/BreakOutFloat4Components.uexp" 469
"../../../Engine/Content/Functions/Engine_MaterialFunctions02/Utility/MakeFloat3.uasset" 470
"../../../Engine/Content/Functions/Engine_MaterialFunctions02/Utility/MakeFloat3.uexp" 471
"../../../Engine/Plugins/Runtime/Oculus/OculusVR/Content/Materials/OculusMR_ChromaKey.uasset" 472
"../../../Engine/Plugins/Runtime/Oculus/OculusVR/Content/Materials/OculusMR_ChromaKey.uexp" 473
"../../../Engine/Plugins/Runtime/Oculus/OculusVR/Content/Materials/OculusMR_OpaqueColoredMaterial.uasset" 474
"../../../Engine/Plugins/Runtime/Oculus/OculusVR/Content/Materials/OculusMR_OpaqueColoredMaterial.uexp" 475
"../../../Engine/Plugins/Runtime/Oculus/OculusVR/Content/Materials/PokeAHoleMaterial.uasset" 476
"../../../Engine/Plugins/Runtime/Oculus/OculusVR/Content/Materials/PokeAHoleMaterial.uexp" 477
"../../../Engine/Plugins/Runtime/Oculus/OculusVR/Content/Textures/touchController_controlmap.uasset" 478
"../../../Engine/Plugins/Runtime/Oculus/OculusVR/Content/Textures/touchController_controlmap.uexp" 479
"../../../Engine/Plugins/Runtime/Oculus/OculusVR/Content/Textures/touchController_albedo.uasset" 480
"../../../Engine/Plugins/Runtime/Oculus/OculusVR/Content/Textures/touchController_albedo.uexp" 481
"../../../Engine/Plugins/Runtime/Oculus/OculusVR/Content/Materials/touchController_mat.uasset" 482
"../../../Engine/Plugins/Runtime/Oculus/OculusVR/Content/Materials/touchController_mat.uexp" 483
"../../../Engine/Plugins/Runtime/Oculus/OculusVR/Content/Meshes/LeftTouchController.uasset" 484
"../../../Engine/Plugins/Runtime/Oculus/OculusVR/Content/Meshes/LeftTouchController.uexp" 485
"../../../Engine/Plugins/Runtime/Oculus/OculusVR/Content/Textures/TouchForQuestRiftSController_albedo.uasset" 486
"../../../Engine/Plugins/Runtime/Oculus/OculusVR/Content/Textures/TouchForQuestRiftSController_albedo.uexp" 487
"../../../Engine/Plugins/Runtime/Oculus/OculusVR/Content/Materials/TouchForQuestRiftSControllerMaterial.uasset" 488
"../../../Engine/Plugins/Runtime/Oculus/OculusVR/Content/Materials/TouchForQuestRiftSControllerMaterial.uexp" 489
"../../../Engine/Plugins/Runtime/Oculus/OculusVR/Content/Meshes/LeftTouchForQuestRiftSController.uasset" 490
"../../../Engine/Plugins/Runtime/Oculus/OculusVR/Content/Meshes/LeftTouchForQuestRiftSController.uexp" 491
"../../../Engine/Plugins/Runtime/Oculus/OculusVR/Content/Meshes/RiftHMD.uasset" 492
"../../../Engine/Plugins/Runtime/Oculus/OculusVR/Content/Meshes/RiftHMD.uexp" 493
"../../../Engine/Plugins/Runtime/Oculus/OculusVR/Content/Meshes/RightTouchController.uasset" 494
"../../../Engine/Plugins/Runtime/Oculus/OculusVR/Content/Meshes/RightTouchController.uexp" 495
"../../../Engine/Plugins/Runtime/Oculus/OculusVR/Content/Meshes/RightTouchForQuestRiftSController.uasset" 496
"../../../Engine/Plugins/Runtime/Oculus/OculusVR/Content/Meshes/RightTouchForQuestRiftSController.uexp" 497
"E:/Epic/Project/Online/Content/Mannequin/Character/Textures/T_UE4Logo_Mask.uasset" 498
"E:/Epic/Project/Online/Content/Mannequin/Character/Textures/T_UE4Logo_Mask.uexp" 499
"E:/Epic/Project/Online/Content/Blueprints/AllLevels/PlayerInfo.uasset" 500
"E:/Epic/Project/Online/Content/Blueprints/AllLevels/PlayerInfo.uexp" 501
"../../../Engine/Content/EditorBlueprintResources/StandardMacros.uasset" 502
"../../../Engine/Content/EditorBlueprintResources/StandardMacros.uexp" 503
"E:/Epic/Project/Online/Content/ThirdPersonCPP/Blueprints/NameWB.uasset" 504
"E:/Epic/Project/Online/Content/ThirdPersonCPP/Blueprints/NameWB.uexp" 505
"E:/Epic/Project/Online/Content/ThirdPersonCPP/Blueprints/PhysicsBall.uasset" 506
"E:/Epic/Project/Online/Content/ThirdPersonCPP/Blueprints/PhysicsBall.uexp" 507
"E:/Epic/Project/Online/Content/StarterContent/Props/MaterialSphere.uasset" 508
"E:/Epic/Project/Online/Content/StarterContent/Props/MaterialSphere.uexp" 509
"E:/Epic/Project/Online/Content/StarterContent/Textures/T_Tech_Hex_Tile_N.uasset" 510
"E:/Epic/Project/Online/Content/StarterContent/Textures/T_Tech_Hex_Tile_N.uexp" 511
"E:/Epic/Project/Online/Content/StarterContent/Textures/T_Tech_Hex_Tile_M.uasset" 512
"E:/Epic/Project/Online/Content/StarterContent/Textures/T_Tech_Hex_Tile_M.uexp" 513
"../../../Engine/Content/Functions/Engine_MaterialFunctions02/Utility/BlendAngleCorrectedNormals.uasset" 514
"../../../Engine/Content/Functions/Engine_MaterialFunctions02/Utility/BlendAngleCorrectedNormals.uexp" 515
"E:/Epic/Project/Online/Content/StarterContent/Materials/M_Tech_Hex_Tile.uasset" 516
"E:/Epic/Project/Online/Content/StarterContent/Materials/M_Tech_Hex_Tile.uexp" 517
"E:/Epic/Project/Online/Content/ThirdPersonCPP/Blueprints/BP_Ball.uasset" 518
"E:/Epic/Project/Online/Content/ThirdPersonCPP/Blueprints/BP_Ball.uexp" 519
"E:/Epic/Project/Online/Content/Mannequin/Character/Mesh/UE4_Mannequin_Skeleton.uasset" 520
"E:/Epic/Project/Online/Content/Mannequin/Character/Mesh/UE4_Mannequin_Skeleton.uexp" 521
"E:/Epic/Project/Online/Content/Mannequin/Animations/ThirdPersonWalk.uasset" 522
"E:/Epic/Project/Online/Content/Mannequin/Animations/ThirdPersonWalk.uexp" 523
"E:/Epic/Project/Online/Content/Mannequin/Animations/ThirdPersonRun.uasset" 524
"E:/Epic/Project/Online/Content/Mannequin/Animations/ThirdPersonRun.uexp" 525
"E:/Epic/Project/Online/Content/Mannequin/Animations/ThirdPersonIdle.uasset" 526
"E:/Epic/Project/Online/Content/Mannequin/Animations/ThirdPersonIdle.uexp" 527
"E:/Epic/Project/Online/Content/Mannequin/Animations/ThirdPerson_IdleRun_2D.uasset" 528
"E:/Epic/Project/Online/Content/Mannequin/Animations/ThirdPerson_IdleRun_2D.uexp" 529
"E:/Epic/Project/Online/Content/Mannequin/Animations/ThirdPerson_Jump.uasset" 530
"E:/Epic/Project/Online/Content/Mannequin/Animations/ThirdPerson_Jump.uexp" 531
"E:/Epic/Project/Online/Content/Mannequin/Animations/ThirdPersonJump_Start.uasset" 532
"E:/Epic/Project/Online/Content/Mannequin/Animations/ThirdPersonJump_Start.uexp" 533
"E:/Epic/Project/Online/Content/Mannequin/Animations/ThirdPersonJump_Loop.uasset" 534
"E:/Epic/Project/Online/Content/Mannequin/Animations/ThirdPersonJump_Loop.uexp" 535
"E:/Epic/Project/Online/Content/Mannequin/Animations/ThirdPerson_AnimBP.uasset" 536
"E:/Epic/Project/Online/Content/Mannequin/Animations/ThirdPerson_AnimBP.uexp" 537
"E:/Epic/Project/Online/Content/Mannequin/Character/Textures/T_Male_N.uasset" 538
"E:/Epic/Project/Online/Content/Mannequin/Character/Textures/T_Male_N.uexp" 539
"E:/Epic/Project/Online/Content/Mannequin/Character/Textures/T_Male_Mask.uasset" 540
"E:/Epic/Project/Online/Content/Mannequin/Character/Textures/T_Male_Mask.uexp" 541
"E:/Epic/Project/Online/Content/Mannequin/Character/Materials/MaterialLayers/T_ML_Rubber_Blue_01_N.uasset" 542
"E:/Epic/Project/Online/Content/Mannequin/Character/Materials/MaterialLayers/T_ML_Rubber_Blue_01_N.uexp" 543
"E:/Epic/Project/Online/Content/Mannequin/Character/Materials/MaterialLayers/T_ML_Rubber_Blue_01_D.uasset" 544
"E:/Epic/Project/Online/Content/Mannequin/Character/Materials/MaterialLayers/T_ML_Rubber_Blue_01_D.uexp" 545
"E:/Epic/Project/Online/Content/Mannequin/Character/Materials/MaterialLayers/T_ML_Aluminum01_N.uasset" 546
"E:/Epic/Project/Online/Content/Mannequin/Character/Materials/MaterialLayers/T_ML_Aluminum01_N.uexp" 547
"E:/Epic/Project/Online/Content/Mannequin/Character/Materials/MaterialLayers/T_ML_Aluminum01.uasset" 548
"E:/Epic/Project/Online/Content/Mannequin/Character/Materials/MaterialLayers/T_ML_Aluminum01.uexp" 549
"E:/Epic/Project/Online/Content/Mannequin/Character/Materials/MaterialLayers/ML_SoftMetal_UE4.uasset" 550
"E:/Epic/Project/Online/Content/Mannequin/Character/Materials/MaterialLayers/ML_SoftMetal_UE4.uexp" 551
"E:/Epic/Project/Online/Content/Mannequin/Character/Materials/MaterialLayers/ML_Plastic_Shiny_Beige_LOGO.uasset" 552
"E:/Epic/Project/Online/Content/Mannequin/Character/Materials/MaterialLayers/ML_Plastic_Shiny_Beige_LOGO.uexp" 553
"E:/Epic/Project/Online/Content/Mannequin/Character/Materials/MaterialLayers/ML_Plastic_Shiny_Beige.uasset" 554
"E:/Epic/Project/Online/Content/Mannequin/Character/Materials/MaterialLayers/ML_Plastic_Shiny_Beige.uexp" 555
"E:/Epic/Project/Online/Content/Mannequin/Character/Materials/MaterialLayers/ML_GlossyBlack_Latex_UE4.uasset" 556
"E:/Epic/Project/Online/Content/Mannequin/Character/Materials/MaterialLayers/ML_GlossyBlack_Latex_UE4.uexp" 557
"../../../Engine/Content/Functions/MaterialLayerFunctions/MatLayerBlend_Simple.uasset" 558
"../../../Engine/Content/Functions/MaterialLayerFunctions/MatLayerBlend_Simple.uexp" 559
"../../../Engine/Content/Functions/MaterialLayerFunctions/MatLayerBlend_NormalBlend.uasset" 560
"../../../Engine/Content/Functions/MaterialLayerFunctions/MatLayerBlend_NormalBlend.uexp" 561
"E:/Epic/Project/Online/Content/Mannequin/Character/Materials/M_Male_Body.uasset" 562
"E:/Epic/Project/Online/Content/Mannequin/Character/Materials/M_Male_Body.uexp" 563
"E:/Epic/Project/Online/Content/Mannequin/Character/Textures/T_UE4Logo_N.uasset" 564
"E:/Epic/Project/Online/Content/Mannequin/Character/Textures/T_UE4Logo_N.uexp" 565
"E:/Epic/Project/Online/Content/Mannequin/Character/Materials/M_UE4Man_ChestLogo.uasset" 566
"E:/Epic/Project/Online/Content/Mannequin/Character/Materials/M_UE4Man_ChestLogo.uexp" 567
"E:/Epic/Project/Online/Content/Mannequin/Character/Mesh/SK_Mannequin_PhysicsAsset.uasset" 568
"E:/Epic/Project/Online/Content/Mannequin/Character/Mesh/SK_Mannequin_PhysicsAsset.uexp" 569
"E:/Epic/Project/Online/Content/Mannequin/Character/Mesh/SK_Mannequin.uasset" 570
"E:/Epic/Project/Online/Content/Mannequin/Character/Mesh/SK_Mannequin.uexp" 571
"E:/Epic/Project/Online/Content/ThirdPersonCPP/Blueprints/ThirdPersonCharacter.uasset" 572
"E:/Epic/Project/Online/Content/ThirdPersonCPP/Blueprints/ThirdPersonCharacter.uexp" 573
"E:/Epic/Project/Online/Content/ThirdPersonCPP/Blueprints/GoalRedColl.uasset" 574
"E:/Epic/Project/Online/Content/ThirdPersonCPP/Blueprints/GoalRedColl.uexp" 575
"E:/Epic/Project/Online/Content/ThirdPersonCPP/Blueprints/GoalBlueColl.uasset" 576
"E:/Epic/Project/Online/Content/ThirdPersonCPP/Blueprints/GoalBlueColl.uexp" 577
"E:/Epic/Project/Online/Content/ThirdPersonCPP/Blueprints/ThirdPersonGameState.uasset" 578
"E:/Epic/Project/Online/Content/ThirdPersonCPP/Blueprints/ThirdPersonGameState.uexp" 579
"E:/Epic/Project/Online/Content/ThirdPersonCPP/BGM/heaven-and-hell.uasset" 580
"E:/Epic/Project/Online/Content/ThirdPersonCPP/BGM/heaven-and-hell.uexp" 581
"E:/Epic/Project/Online/Content/ThirdPersonCPP/BGM/heaven-and-hell_Cue.uasset" 582
"E:/Epic/Project/Online/Content/ThirdPersonCPP/BGM/heaven-and-hell_Cue.uexp" 583
"E:/Epic/Project/Online/Content/ThirdPersonCPP/BGM/gallop.uasset" 584
"E:/Epic/Project/Online/Content/ThirdPersonCPP/BGM/gallop.uexp" 585
"E:/Epic/Project/Online/Content/ThirdPersonCPP/BGM/gallop_Cue.uasset" 586
"E:/Epic/Project/Online/Content/ThirdPersonCPP/BGM/gallop_Cue.uexp" 587
"E:/Epic/Project/Online/Content/ThirdPersonCPP/BGM/CsikosPost.uasset" 588
"E:/Epic/Project/Online/Content/ThirdPersonCPP/BGM/CsikosPost.uexp" 589
"E:/Epic/Project/Online/Content/ThirdPersonCPP/BGM/CsikosPost_Cue.uasset" 590
"E:/Epic/Project/Online/Content/ThirdPersonCPP/BGM/CsikosPost_Cue.uexp" 591
"E:/Epic/Project/Online/Content/ThirdPersonCPP/Blueprints/BP_BGM.uasset" 592
"E:/Epic/Project/Online/Content/ThirdPersonCPP/Blueprints/BP_BGM.uexp" 593
"E:/Epic/Project/Online/Content/ThirdPersonCPP/Blueprints/GameInfoWB.uasset" 594
"E:/Epic/Project/Online/Content/ThirdPersonCPP/Blueprints/GameInfoWB.uexp" 595
"E:/Epic/Project/Online/Content/Mannequin/Character/Materials/M_Male_Body_Red.uasset" 596
"E:/Epic/Project/Online/Content/Mannequin/Character/Materials/M_Male_Body_Red.uexp" 597
"E:/Epic/Project/Online/Content/Mannequin/Character/Materials/M_Male_Body_Blue.uasset" 598
"E:/Epic/Project/Online/Content/Mannequin/Character/Materials/M_Male_Body_Blue.uexp" 599
"E:/Epic/Project/Online/Content/ThirdPersonCPP/Blueprints/MenuWB.uasset" 600
"E:/Epic/Project/Online/Content/ThirdPersonCPP/Blueprints/MenuWB.uexp" 601
"E:/Epic/Project/Online/Content/ThirdPersonCPP/Blueprints/ThirdPersonPlayerController.uasset" 602
"E:/Epic/Project/Online/Content/ThirdPersonCPP/Blueprints/ThirdPersonPlayerController.uexp" 603
"E:/Epic/Project/Online/Content/DefaultGameInstance.uasset" 604
"E:/Epic/Project/Online/Content/DefaultGameInstance.uexp" 605
"E:/Epic/Project/Online/Content/Entry/Blueprints/EntryWB.uasset" 606
"E:/Epic/Project/Online/Content/Entry/Blueprints/EntryWB.uexp" 607
"E:/Epic/Project/Online/Content/Entry/Blueprints/EntryPC.uasset" 608
"E:/Epic/Project/Online/Content/Entry/Blueprints/EntryPC.uexp" 609
"E:/Epic/Project/Online/Content/Entry/Blueprints/EntryGM.uasset" 610
"E:/Epic/Project/Online/Content/Entry/Blueprints/EntryGM.uexp" 611
"E:/Epic/Project/Online/Content/Entry/EntryLevel.uexp" 612
"E:/Epic/Project/Online/Content/Entry/EntryLevel.umap" 613
"E:/Epic/Project/Online/Content/ThirdPersonCPP/Blueprints/Blue.uasset" 614
"E:/Epic/Project/Online/Content/ThirdPersonCPP/Blueprints/Blue.uexp" 615
"../../../Engine/Content/BasicShapes/Cube.uasset" 616
"../../../Engine/Content/BasicShapes/Cube.uexp" 617
"E:/Epic/Project/Online/Content/ThirdPersonCPP/Maps/ThirdPersonExampleMap_BuiltData.uasset" 618
"E:/Epic/Project/Online/Content/ThirdPersonCPP/Maps/ThirdPersonExampleMap_BuiltData.uexp" 619
"../../../Engine/Content/EditorBlueprintResources/ActorMacros.uasset" 620
"../../../Engine/Content/EditorBlueprintResources/ActorMacros.uexp" 621
"E:/Epic/Project/Online/Content/ThirdPersonCPP/Blueprints/ThirdPersonGM.uasset" 622
"E:/Epic/Project/Online/Content/ThirdPersonCPP/Blueprints/ThirdPersonGM.uexp" 623
"E:/Epic/Project/Online/Content/ThirdPersonCPP/Blueprints/Red.uasset" 624
"E:/Epic/Project/Online/Content/ThirdPersonCPP/Blueprints/Red.uexp" 625
"E:/Epic/Project/Online/Content/ThirdPersonCPP/Blueprints/PhysicsWall.uasset" 626
"E:/Epic/Project/Online/Content/ThirdPersonCPP/Blueprints/PhysicsWall.uexp" 627
"../../../Engine/Content/BasicShapes/BasicShapeMaterial.uasset" 628
"../../../Engine/Content/BasicShapes/BasicShapeMaterial.uexp" 629
"E:/Epic/Project/Online/Content/Geometry/Meshes/CubeMaterial.uasset" 630
"E:/Epic/Project/Online/Content/Geometry/Meshes/CubeMaterial.uexp" 631
"E:/Epic/Project/Online/Content/Geometry/Meshes/1M_Cube.uasset" 632
"E:/Epic/Project/Online/Content/Geometry/Meshes/1M_Cube.uexp" 633
"E:/Epic/Project/Online/Content/ThirdPersonCPP/Blueprints/BP_Keeper.uasset" 634
"E:/Epic/Project/Online/Content/ThirdPersonCPP/Blueprints/BP_Keeper.uexp" 635
"E:/Epic/Project/Online/Content/StarterContent/Textures/T_Dust_Particle_D.uasset" 636
"E:/Epic/Project/Online/Content/StarterContent/Textures/T_Dust_Particle_D.uexp" 637
"E:/Epic/Project/Online/Content/StarterContent/Particles/Materials/M_Dust_Particle.uasset" 638
"E:/Epic/Project/Online/Content/StarterContent/Particles/Materials/M_Dust_Particle.uexp" 639
"E:/Epic/Project/Online/Content/StarterContent/Textures/T_Ground_Grass_N.uasset" 640
"E:/Epic/Project/Online/Content/StarterContent/Textures/T_Ground_Grass_N.uexp" 641
"E:/Epic/Project/Online/Content/StarterContent/Textures/T_Ground_Grass_D.uasset" 642
"E:/Epic/Project/Online/Content/StarterContent/Textures/T_Ground_Grass_D.uexp" 643
"E:/Epic/Project/Online/Content/StarterContent/Textures/T_Perlin_Noise_M.uasset" 644
"E:/Epic/Project/Online/Content/StarterContent/Textures/T_Perlin_Noise_M.uexp" 645
"E:/Epic/Project/Online/Content/StarterContent/Textures/T_MacroVariation.uasset" 646
"E:/Epic/Project/Online/Content/StarterContent/Textures/T_MacroVariation.uexp" 647
"E:/Epic/Project/Online/Content/StarterContent/Materials/M_Ground_Grass.uasset" 648
"E:/Epic/Project/Online/Content/StarterContent/Materials/M_Ground_Grass.uexp" 649
"../../../Engine/Content/EngineSky/T_Sky_Stars.uasset" 650
"../../../Engine/Content/EngineSky/T_Sky_Stars.uexp" 651
"../../../Engine/Content/EngineSky/T_Sky_Clouds_M.uasset" 652
"../../../Engine/Content/EngineSky/T_Sky_Clouds_M.uexp" 653
"../../../Engine/Content/EngineSky/T_Sky_Blue.uasset" 654
"../../../Engine/Content/EngineSky/T_Sky_Blue.uexp" 655
"E:/Epic/Project/Online/Content/Geometry/Meshes/TemplateFloor.uasset" 656
"E:/Epic/Project/Online/Content/Geometry/Meshes/TemplateFloor.uexp" 657
"../../../Engine/Content/EngineSky/M_Sky_Panning_Clouds2.uasset" 658
"../../../Engine/Content/EngineSky/M_Sky_Panning_Clouds2.uexp" 659
"../../../Engine/Content/EngineSky/SM_SkySphere.uasset" 660
"../../../Engine/Content/EngineSky/SM_SkySphere.uexp" 661
"../../../Engine/Content/EngineSky/C_Sky_Zenith_Color.uasset" 662
"../../../Engine/Content/EngineSky/C_Sky_Zenith_Color.uexp" 663
"../../../Engine/Content/EngineSky/C_Sky_Horizon_Color.uasset" 664
"../../../Engine/Content/EngineSky/C_Sky_Horizon_Color.uexp" 665
"../../../Engine/Content/EngineSky/C_Sky_Cloud_Color.uasset" 666
"../../../Engine/Content/EngineSky/C_Sky_Cloud_Color.uexp" 667
"../../../Engine/Content/EngineSky/BP_Sky_Sphere.uasset" 668
"../../../Engine/Content/EngineSky/BP_Sky_Sphere.uexp" 669
"E:/Epic/Project/Online/Content/StarterContent/Materials/M_Basic_Wall.uasset" 670
"E:/Epic/Project/Online/Content/StarterContent/Materials/M_Basic_Wall.uexp" 671
"E:/Epic/Project/Online/Content/ThirdPersonCPP/Maps/ThirdPersonExampleMap.uexp" 672
"E:/Epic/Project/Online/Content/ThirdPersonCPP/Maps/ThirdPersonExampleMap.umap" 673
